<?xml version="1.0" encoding="UTF-8"?>
<testsuite name="hello.HelloControllerTest" tests="1" skipped="0" failures="0" errors="0" timestamp="2016-04-03T17:21:09" hostname="searover-rmbp.local" time="0.038">
  <properties/>
  <testcase name="getHello" classname="hello.HelloControllerTest" time="0.038"/>
  <system-out><![CDATA[2016-04-04 01:21:09.021  INFO 31825 --- [    Test worker] o.s.t.c.support.AbstractContextLoader    : Could not detect default resource locations for test class [hello.HelloControllerTest]: no resource found for suffixes {-context.xml, Context.groovy}.
2016-04-04 01:21:09.023  INFO 31825 --- [    Test worker] o.s.t.c.web.WebTestContextBootstrapper   : Loaded default TestExecutionListener class names from location [META-INF/spring.factories]: [org.springframework.test.context.web.ServletTestExecutionListener, org.springframework.test.context.support.DirtiesContextBeforeModesTestExecutionListener, org.springframework.test.context.support.DependencyInjectionTestExecutionListener, org.springframework.test.context.support.DirtiesContextTestExecutionListener, org.springframework.test.context.transaction.TransactionalTestExecutionListener, org.springframework.test.context.jdbc.SqlScriptsTestExecutionListener]
2016-04-04 01:21:09.026  INFO 31825 --- [    Test worker] o.s.t.c.web.WebTestContextBootstrapper   : Could not instantiate TestExecutionListener [org.springframework.test.context.jdbc.SqlScriptsTestExecutionListener]. Specify custom listener classes or make the default listener classes (and their required dependencies) available. Offending class: [org/springframework/transaction/interceptor/TransactionAttribute]
2016-04-04 01:21:09.027  INFO 31825 --- [    Test worker] o.s.t.c.web.WebTestContextBootstrapper   : Could not instantiate TestExecutionListener [org.springframework.test.context.transaction.TransactionalTestExecutionListener]. Specify custom listener classes or make the default listener classes (and their required dependencies) available. Offending class: [org/springframework/transaction/interceptor/TransactionAttributeSource]
2016-04-04 01:21:09.027  INFO 31825 --- [    Test worker] o.s.t.c.web.WebTestContextBootstrapper   : Using TestExecutionListeners: [org.springframework.test.context.web.ServletTestExecutionListener@44ad8a49, org.springframework.test.context.support.DirtiesContextBeforeModesTestExecutionListener@1d1881d4, org.springframework.test.context.support.DependencyInjectionTestExecutionListener@28af98a4, org.springframework.test.context.support.DirtiesContextTestExecutionListener@29a15c6d]

  .   ____          _            __ _ _
 /\\ / ___'_ __ _ _(_)_ __  __ _ \ \ \ \
( ( )\___ | '_ | '_| | '_ \/ _` | \ \ \ \
 \\/  ___)| |_)| | | | | || (_| |  ) ) ) )
  '  |____| .__|_| |_|_| |_\__, | / / / /
 =========|_|==============|___/=/_/_/_/
 :: Spring Boot ::        (v1.3.3.RELEASE)

2016-04-04 01:21:09.069  INFO 31825 --- [    Test worker] hello.HelloControllerTest                : Starting HelloControllerTest on searover-rmbp.local with PID 31825 (/Users/searover/Documents/temp/java-demo/thinkinjava/gs-spring-boot/build/classes/test started by searover in /Users/searover/Documents/temp/java-demo/thinkinjava/gs-spring-boot)
2016-04-04 01:21:09.069  INFO 31825 --- [    Test worker] hello.HelloControllerTest                : No active profile set, falling back to default profiles: default
2016-04-04 01:21:09.072  INFO 31825 --- [    Test worker] o.s.w.c.s.GenericWebApplicationContext   : Refreshing org.springframework.web.context.support.GenericWebApplicationContext@c669f95: startup date [Mon Apr 04 01:21:09 CST 2016]; root of context hierarchy
2016-04-04 01:21:09.089  INFO 31825 --- [    Test worker] hello.HelloControllerTest                : Started HelloControllerTest in 0.053 seconds (JVM running for 4.205)
2016-04-04 01:21:09.104  INFO 31825 --- [    Test worker] ilder$StaticRequestMappingHandlerMapping : Mapped "{[/]}" onto public java.lang.String com.searover.spring.hello.HelloController.index()
2016-04-04 01:21:09.114  INFO 31825 --- [    Test worker] s.w.s.m.m.a.RequestMappingHandlerAdapter : Looking for @ControllerAdvice: org.springframework.test.web.servlet.setup.StubWebApplicationContext@13f1a734
2016-04-04 01:21:09.120  INFO 31825 --- [    Test worker] o.s.mock.web.MockServletContext          : Initializing Spring FrameworkServlet ''
2016-04-04 01:21:09.120  INFO 31825 --- [    Test worker] o.s.t.web.servlet.TestDispatcherServlet  : FrameworkServlet '': initialization started
2016-04-04 01:21:09.121  INFO 31825 --- [    Test worker] o.s.t.web.servlet.TestDispatcherServlet  : FrameworkServlet '': initialization completed in 1 ms
]]></system-out>
  <system-err><![CDATA[]]></system-err>
</testsuite>
